2019-05-25 12:34:48,767 INFO org.springframework.boot.web.embedded.tomcat.TomcatWebServer [restartedMain] Tomcat initialized with port(s): 8080 (http)
2019-05-25 12:34:48,815 INFO org.apache.juli.logging.DirectJDKLog [restartedMain] Initializing ProtocolHandler ["http-nio-8080"]
2019-05-25 12:34:48,846 INFO org.apache.juli.logging.DirectJDKLog [restartedMain] Starting service [Tomcat]
2019-05-25 12:34:48,848 INFO org.apache.juli.logging.DirectJDKLog [restartedMain] Starting Servlet engine: [Apache Tomcat/9.0.19]
2019-05-25 12:34:49,067 INFO org.apache.juli.logging.DirectJDKLog [restartedMain] Initializing Spring embedded WebApplicationContext
2019-05-25 12:34:49,070 INFO org.springframework.boot.web.servlet.context.ServletWebServerApplicationContext [restartedMain] Root WebApplicationContext: initialization completed in 3539 ms
2019-05-25 12:34:49,521 INFO org.springframework.scheduling.concurrent.ExecutorConfigurationSupport [restartedMain] Initializing ExecutorService 'applicationTaskExecutor'
2019-05-25 12:34:49,884 INFO org.springframework.boot.devtools.autoconfigure.OptionalLiveReloadServer [restartedMain] LiveReload server is running on port 35729
2019-05-25 12:34:49,942 INFO org.apache.juli.logging.DirectJDKLog [restartedMain] Starting ProtocolHandler ["http-nio-8080"]
2019-05-25 12:34:50,131 INFO org.springframework.boot.web.embedded.tomcat.TomcatWebServer [restartedMain] Tomcat started on port(s): 8080 (http) with context path ''
2019-05-25 12:34:50,140 INFO org.springframework.boot.StartupInfoLogger [restartedMain] Started BestUsedForLoggingApplication in 6.237 seconds (JVM running for 7.588)
2019-05-25 12:35:11,886 INFO org.apache.juli.logging.DirectJDKLog [http-nio-8080-exec-1] Initializing Spring DispatcherServlet 'dispatcherServlet'
2019-05-25 12:35:11,887 INFO org.springframework.web.servlet.FrameworkServlet [http-nio-8080-exec-1] Initializing Servlet 'dispatcherServlet'
2019-05-25 12:35:11,931 INFO org.springframework.web.servlet.FrameworkServlet [http-nio-8080-exec-1] Completed initialization in 43 ms
2019-05-25 12:35:12,017 TRACE com.logger.controller.LoggingController [http-nio-8080-exec-1] A TRACE Message bjfsdv jb fdns vbjsd fjvbusdf jvubsdfjg ufu busfdub hfds ub jsfd iujsfd jbsdfj bufsd
2019-05-25 12:35:12,018 DEBUG com.logger.controller.LoggingController [http-nio-8080-exec-1] A DEBUG Message ufsjvbdfs vubfsds vj dfs v sdfj hv jd dfjhjsufd h vhj sdjf sn jfd  jh sdf h jhfd hd h bhfsd
2019-05-25 12:35:12,019 INFO com.logger.controller.LoggingController [http-nio-8080-exec-1] An INFO Message bjsffg
2019-05-25 12:35:12,020 WARN com.logger.controller.LoggingController [http-nio-8080-exec-1] A WARN Message
2019-05-25 12:35:12,021 ERROR com.logger.controller.LoggingController [http-nio-8080-exec-1] An ERROR Message
2019-05-25 12:35:12,995 TRACE com.logger.controller.LoggingController [http-nio-8080-exec-2] A TRACE Message bjfsdv jb fdns vbjsd fjvbusdf jvubsdfjg ufu busfdub hfds ub jsfd iujsfd jbsdfj bufsd
2019-05-25 12:35:12,997 DEBUG com.logger.controller.LoggingController [http-nio-8080-exec-2] A DEBUG Message ufsjvbdfs vubfsds vj dfs v sdfj hv jd dfjhjsufd h vhj sdjf sn jfd  jh sdf h jhfd hd h bhfsd
2019-05-25 12:35:12,999 INFO com.logger.controller.LoggingController [http-nio-8080-exec-2] An INFO Message bjsffg
2019-05-25 12:35:13,000 WARN com.logger.controller.LoggingController [http-nio-8080-exec-2] A WARN Message
2019-05-25 12:35:13,001 ERROR com.logger.controller.LoggingController [http-nio-8080-exec-2] An ERROR Message
2019-05-25 12:35:13,599 TRACE com.logger.controller.LoggingController [http-nio-8080-exec-4] A TRACE Message bjfsdv jb fdns vbjsd fjvbusdf jvubsdfjg ufu busfdub hfds ub jsfd iujsfd jbsdfj bufsd
2019-05-25 12:35:13,601 DEBUG com.logger.controller.LoggingController [http-nio-8080-exec-4] A DEBUG Message ufsjvbdfs vubfsds vj dfs v sdfj hv jd dfjhjsufd h vhj sdjf sn jfd  jh sdf h jhfd hd h bhfsd
2019-05-25 12:35:13,602 INFO com.logger.controller.LoggingController [http-nio-8080-exec-4] An INFO Message bjsffg
2019-05-25 12:35:13,604 WARN com.logger.controller.LoggingController [http-nio-8080-exec-4] A WARN Message
2019-05-25 12:35:13,605 ERROR com.logger.controller.LoggingController [http-nio-8080-exec-4] An ERROR Message
2019-05-25 12:35:16,226 TRACE com.logger.controller.LoggingController [http-nio-8080-exec-6] A TRACE Message bjfsdv jb fdns vbjsd fjvbusdf jvubsdfjg ufu busfdub hfds ub jsfd iujsfd jbsdfj bufsd
2019-05-25 12:35:16,227 DEBUG com.logger.controller.LoggingController [http-nio-8080-exec-6] A DEBUG Message ufsjvbdfs vubfsds vj dfs v sdfj hv jd dfjhjsufd h vhj sdjf sn jfd  jh sdf h jhfd hd h bhfsd
2019-05-25 12:35:16,228 INFO com.logger.controller.LoggingController [http-nio-8080-exec-6] An INFO Message bjsffg
2019-05-25 12:35:16,229 WARN com.logger.controller.LoggingController [http-nio-8080-exec-6] A WARN Message
2019-05-25 12:35:16,230 ERROR com.logger.controller.LoggingController [http-nio-8080-exec-6] An ERROR Message
2019-05-25 12:35:18,033 TRACE com.logger.controller.LoggingController [http-nio-8080-exec-8] A TRACE Message bjfsdv jb fdns vbjsd fjvbusdf jvubsdfjg ufu busfdub hfds ub jsfd iujsfd jbsdfj bufsd
2019-05-25 12:35:18,034 DEBUG com.logger.controller.LoggingController [http-nio-8080-exec-8] A DEBUG Message ufsjvbdfs vubfsds vj dfs v sdfj hv jd dfjhjsufd h vhj sdjf sn jfd  jh sdf h jhfd hd h bhfsd
2019-05-25 12:35:18,035 INFO com.logger.controller.LoggingController [http-nio-8080-exec-8] An INFO Message bjsffg
2019-05-25 12:35:18,036 WARN com.logger.controller.LoggingController [http-nio-8080-exec-8] A WARN Message
2019-05-25 12:35:18,037 ERROR com.logger.controller.LoggingController [http-nio-8080-exec-8] An ERROR Message
2019-05-25 12:35:21,462 TRACE com.logger.controller.LoggingController [http-nio-8080-exec-10] A TRACE Message bjfsdv jb fdns vbjsd fjvbusdf jvubsdfjg ufu busfdub hfds ub jsfd iujsfd jbsdfj bufsd
2019-05-25 12:35:21,463 DEBUG com.logger.controller.LoggingController [http-nio-8080-exec-10] A DEBUG Message ufsjvbdfs vubfsds vj dfs v sdfj hv jd dfjhjsufd h vhj sdjf sn jfd  jh sdf h jhfd hd h bhfsd
2019-05-25 12:35:21,464 INFO com.logger.controller.LoggingController [http-nio-8080-exec-10] An INFO Message bjsffg
2019-05-25 12:35:21,465 WARN com.logger.controller.LoggingController [http-nio-8080-exec-10] A WARN Message
2019-05-25 12:35:21,466 ERROR com.logger.controller.LoggingController [http-nio-8080-exec-10] An ERROR Message
2019-05-25 12:35:23,783 TRACE com.logger.controller.LoggingController [http-nio-8080-exec-2] A TRACE Message bjfsdv jb fdns vbjsd fjvbusdf jvubsdfjg ufu busfdub hfds ub jsfd iujsfd jbsdfj bufsd
2019-05-25 12:35:23,785 DEBUG com.logger.controller.LoggingController [http-nio-8080-exec-2] A DEBUG Message ufsjvbdfs vubfsds vj dfs v sdfj hv jd dfjhjsufd h vhj sdjf sn jfd  jh sdf h jhfd hd h bhfsd
2019-05-25 12:35:23,785 INFO com.logger.controller.LoggingController [http-nio-8080-exec-2] An INFO Message bjsffg
2019-05-25 12:35:23,786 WARN com.logger.controller.LoggingController [http-nio-8080-exec-2] A WARN Message
2019-05-25 12:35:23,787 ERROR com.logger.controller.LoggingController [http-nio-8080-exec-2] An ERROR Message
2019-05-25 12:35:25,758 TRACE com.logger.controller.LoggingController [http-nio-8080-exec-3] A TRACE Message bjfsdv jb fdns vbjsd fjvbusdf jvubsdfjg ufu busfdub hfds ub jsfd iujsfd jbsdfj bufsd
2019-05-25 12:35:25,759 DEBUG com.logger.controller.LoggingController [http-nio-8080-exec-3] A DEBUG Message ufsjvbdfs vubfsds vj dfs v sdfj hv jd dfjhjsufd h vhj sdjf sn jfd  jh sdf h jhfd hd h bhfsd
2019-05-25 12:35:25,760 INFO com.logger.controller.LoggingController [http-nio-8080-exec-3] An INFO Message bjsffg
2019-05-25 12:35:25,761 WARN com.logger.controller.LoggingController [http-nio-8080-exec-3] A WARN Message
2019-05-25 12:35:25,763 ERROR com.logger.controller.LoggingController [http-nio-8080-exec-3] An ERROR Message
2019-05-25 12:35:28,177 TRACE com.logger.controller.LoggingController [http-nio-8080-exec-5] A TRACE Message bjfsdv jb fdns vbjsd fjvbusdf jvubsdfjg ufu busfdub hfds ub jsfd iujsfd jbsdfj bufsd
2019-05-25 12:35:28,178 DEBUG com.logger.controller.LoggingController [http-nio-8080-exec-5] A DEBUG Message ufsjvbdfs vubfsds vj dfs v sdfj hv jd dfjhjsufd h vhj sdjf sn jfd  jh sdf h jhfd hd h bhfsd
2019-05-25 12:35:28,179 INFO com.logger.controller.LoggingController [http-nio-8080-exec-5] An INFO Message bjsffg
2019-05-25 12:35:28,180 WARN com.logger.controller.LoggingController [http-nio-8080-exec-5] A WARN Message
2019-05-25 12:35:28,180 ERROR com.logger.controller.LoggingController [http-nio-8080-exec-5] An ERROR Message
2019-05-25 12:35:30,648 TRACE com.logger.controller.LoggingController [http-nio-8080-exec-7] A TRACE Message bjfsdv jb fdns vbjsd fjvbusdf jvubsdfjg ufu busfdub hfds ub jsfd iujsfd jbsdfj bufsd
2019-05-25 12:35:30,650 DEBUG com.logger.controller.LoggingController [http-nio-8080-exec-7] A DEBUG Message ufsjvbdfs vubfsds vj dfs v sdfj hv jd dfjhjsufd h vhj sdjf sn jfd  jh sdf h jhfd hd h bhfsd
2019-05-25 12:35:30,651 INFO com.logger.controller.LoggingController [http-nio-8080-exec-7] An INFO Message bjsffg
2019-05-25 12:35:30,652 WARN com.logger.controller.LoggingController [http-nio-8080-exec-7] A WARN Message
2019-05-25 12:35:30,653 ERROR com.logger.controller.LoggingController [http-nio-8080-exec-7] An ERROR Message
2019-05-25 12:35:32,932 TRACE com.logger.controller.LoggingController [http-nio-8080-exec-9] A TRACE Message bjfsdv jb fdns vbjsd fjvbusdf jvubsdfjg ufu busfdub hfds ub jsfd iujsfd jbsdfj bufsd
2019-05-25 12:35:32,933 DEBUG com.logger.controller.LoggingController [http-nio-8080-exec-9] A DEBUG Message ufsjvbdfs vubfsds vj dfs v sdfj hv jd dfjhjsufd h vhj sdjf sn jfd  jh sdf h jhfd hd h bhfsd
2019-05-25 12:35:32,934 INFO com.logger.controller.LoggingController [http-nio-8080-exec-9] An INFO Message bjsffg
2019-05-25 12:35:32,935 WARN com.logger.controller.LoggingController [http-nio-8080-exec-9] A WARN Message
2019-05-25 12:35:32,936 ERROR com.logger.controller.LoggingController [http-nio-8080-exec-9] An ERROR Message
2019-05-25 12:35:47,797 TRACE com.logger.controller.LoggingController [http-nio-8080-exec-2] A TRACE Message bjfsdv jb fdns vbjsd fjvbusdf jvubsdfjg ufu busfdub hfds ub jsfd iujsfd jbsdfj bufsd
