2019-05-25 12:29:45,051 INFO org.springframework.boot.StartupInfoLogger [restartedMain] Starting BestUsedForLoggingApplication on Pranav-PC with PID 5420 (C:\Users\Pranav\Downloads\BestUsedForLogging\BestUsedForLogging\target\classes started by Pranav in C:\Users\Pranav\Downloads\BestUsedForLogging\BestUsedForLogging)
2019-05-25 12:29:45,054 DEBUG org.springframework.boot.StartupInfoLogger [restartedMain] Running with Spring Boot v2.1.5.RELEASE, Spring v5.1.7.RELEASE
2019-05-25 12:29:45,055 INFO org.springframework.boot.SpringApplication [restartedMain] No active profile set, falling back to default profiles: default
2019-05-25 12:29:45,903 INFO org.springframework.boot.web.embedded.tomcat.TomcatWebServer [restartedMain] Tomcat initialized with port(s): 8080 (http)
2019-05-25 12:29:45,907 INFO org.apache.juli.logging.DirectJDKLog [restartedMain] Starting service [Tomcat]
2019-05-25 12:29:45,908 INFO org.apache.juli.logging.DirectJDKLog [restartedMain] Starting Servlet engine: [Apache Tomcat/9.0.19]
2019-05-25 12:29:45,934 INFO org.apache.juli.logging.DirectJDKLog [restartedMain] Initializing Spring embedded WebApplicationContext
2019-05-25 12:29:45,935 INFO org.springframework.boot.web.servlet.context.ServletWebServerApplicationContext [restartedMain] Root WebApplicationContext: initialization completed in 875 ms
2019-05-25 12:29:46,102 INFO org.springframework.scheduling.concurrent.ExecutorConfigurationSupport [restartedMain] Initializing ExecutorService 'applicationTaskExecutor'
2019-05-25 12:29:46,207 INFO org.springframework.boot.devtools.autoconfigure.OptionalLiveReloadServer [restartedMain] LiveReload server is running on port 35729
2019-05-25 12:29:46,376 INFO org.springframework.boot.web.embedded.tomcat.TomcatWebServer [restartedMain] Tomcat started on port(s): 8080 (http) with context path ''
2019-05-25 12:29:46,378 INFO org.springframework.boot.StartupInfoLogger [restartedMain] Started BestUsedForLoggingApplication in 1.548 seconds (JVM running for 789.063)
2019-05-25 12:29:46,381 INFO org.springframework.boot.devtools.autoconfigure.ConditionEvaluationDeltaLoggingListener [restartedMain] Condition evaluation unchanged
2019-05-25 12:30:08,777 INFO org.apache.juli.logging.DirectJDKLog [http-nio-8080-exec-4] Initializing Spring DispatcherServlet 'dispatcherServlet'
2019-05-25 12:30:08,782 INFO org.springframework.web.servlet.FrameworkServlet [http-nio-8080-exec-4] Initializing Servlet 'dispatcherServlet'
2019-05-25 12:30:08,789 INFO org.springframework.web.servlet.FrameworkServlet [http-nio-8080-exec-4] Completed initialization in 6 ms
2019-05-25 12:30:08,906 TRACE com.logger.controller.LoggingController [http-nio-8080-exec-4] A TRACE Message
2019-05-25 12:30:08,907 DEBUG com.logger.controller.LoggingController [http-nio-8080-exec-4] A DEBUG Message
2019-05-25 12:30:08,908 INFO com.logger.controller.LoggingController [http-nio-8080-exec-4] An INFO Message
2019-05-25 12:30:08,909 WARN com.logger.controller.LoggingController [http-nio-8080-exec-4] A WARN Message
2019-05-25 12:30:08,910 ERROR com.logger.controller.LoggingController [http-nio-8080-exec-4] An ERROR Message
2019-05-25 12:32:15,280 TRACE com.logger.controller.LoggingController [http-nio-8080-exec-9] A TRACE Message
2019-05-25 12:32:15,282 DEBUG com.logger.controller.LoggingController [http-nio-8080-exec-9] A DEBUG Message
2019-05-25 12:32:15,283 INFO com.logger.controller.LoggingController [http-nio-8080-exec-9] An INFO Message
2019-05-25 12:32:15,284 WARN com.logger.controller.LoggingController [http-nio-8080-exec-9] A WARN Message
2019-05-25 12:32:15,285 ERROR com.logger.controller.LoggingController [http-nio-8080-exec-9] An ERROR Message
2019-05-25 12:32:17,807 TRACE com.logger.controller.LoggingController [http-nio-8080-exec-5] A TRACE Message
2019-05-25 12:32:17,809 DEBUG com.logger.controller.LoggingController [http-nio-8080-exec-5] A DEBUG Message
2019-05-25 12:32:17,810 INFO com.logger.controller.LoggingController [http-nio-8080-exec-5] An INFO Message
2019-05-25 12:32:17,810 WARN com.logger.controller.LoggingController [http-nio-8080-exec-5] A WARN Message
2019-05-25 12:32:17,811 ERROR com.logger.controller.LoggingController [http-nio-8080-exec-5] An ERROR Message
2019-05-25 12:32:19,547 TRACE com.logger.controller.LoggingController [http-nio-8080-exec-7] A TRACE Message
2019-05-25 12:32:19,549 DEBUG com.logger.controller.LoggingController [http-nio-8080-exec-7] A DEBUG Message
2019-05-25 12:32:19,550 INFO com.logger.controller.LoggingController [http-nio-8080-exec-7] An INFO Message
2019-05-25 12:32:19,550 WARN com.logger.controller.LoggingController [http-nio-8080-exec-7] A WARN Message
2019-05-25 12:32:19,551 ERROR com.logger.controller.LoggingController [http-nio-8080-exec-7] An ERROR Message
2019-05-25 12:32:21,387 TRACE com.logger.controller.LoggingController [http-nio-8080-exec-8] A TRACE Message
2019-05-25 12:32:21,389 DEBUG com.logger.controller.LoggingController [http-nio-8080-exec-8] A DEBUG Message
2019-05-25 12:32:21,390 INFO com.logger.controller.LoggingController [http-nio-8080-exec-8] An INFO Message
2019-05-25 12:32:21,391 WARN com.logger.controller.LoggingController [http-nio-8080-exec-8] A WARN Message
2019-05-25 12:32:21,392 ERROR com.logger.controller.LoggingController [http-nio-8080-exec-8] An ERROR Message
2019-05-25 12:32:23,304 TRACE com.logger.controller.LoggingController [http-nio-8080-exec-2] A TRACE Message
2019-05-25 12:32:23,305 DEBUG com.logger.controller.LoggingController [http-nio-8080-exec-2] A DEBUG Message
2019-05-25 12:32:23,306 INFO com.logger.controller.LoggingController [http-nio-8080-exec-2] An INFO Message
2019-05-25 12:32:23,307 WARN com.logger.controller.LoggingController [http-nio-8080-exec-2] A WARN Message
2019-05-25 12:32:23,312 ERROR com.logger.controller.LoggingController [http-nio-8080-exec-2] An ERROR Message
2019-05-25 12:32:23,734 TRACE com.logger.controller.LoggingController [http-nio-8080-exec-6] A TRACE Message
2019-05-25 12:32:23,735 DEBUG com.logger.controller.LoggingController [http-nio-8080-exec-6] A DEBUG Message
2019-05-25 12:32:23,736 INFO com.logger.controller.LoggingController [http-nio-8080-exec-6] An INFO Message
2019-05-25 12:32:23,737 WARN com.logger.controller.LoggingController [http-nio-8080-exec-6] A WARN Message
2019-05-25 12:32:23,738 ERROR com.logger.controller.LoggingController [http-nio-8080-exec-6] An ERROR Message
2019-05-25 12:32:24,090 TRACE com.logger.controller.LoggingController [http-nio-8080-exec-10] A TRACE Message
2019-05-25 12:32:24,091 DEBUG com.logger.controller.LoggingController [http-nio-8080-exec-10] A DEBUG Message
2019-05-25 12:32:24,093 INFO com.logger.controller.LoggingController [http-nio-8080-exec-10] An INFO Message
2019-05-25 12:32:24,094 WARN com.logger.controller.LoggingController [http-nio-8080-exec-10] A WARN Message
2019-05-25 12:32:24,097 ERROR com.logger.controller.LoggingController [http-nio-8080-exec-10] An ERROR Message
2019-05-25 12:32:25,851 TRACE com.logger.controller.LoggingController [http-nio-8080-exec-1] A TRACE Message
2019-05-25 12:32:25,856 DEBUG com.logger.controller.LoggingController [http-nio-8080-exec-1] A DEBUG Message
2019-05-25 12:32:25,857 INFO com.logger.controller.LoggingController [http-nio-8080-exec-1] An INFO Message
2019-05-25 12:32:25,858 WARN com.logger.controller.LoggingController [http-nio-8080-exec-1] A WARN Message
2019-05-25 12:32:25,860 ERROR com.logger.controller.LoggingController [http-nio-8080-exec-1] An ERROR Message
2019-05-25 12:32:29,065 TRACE com.logger.controller.LoggingController [http-nio-8080-exec-3] A TRACE Message
2019-05-25 12:32:29,068 DEBUG com.logger.controller.LoggingController [http-nio-8080-exec-3] A DEBUG Message
2019-05-25 12:32:29,069 INFO com.logger.controller.LoggingController [http-nio-8080-exec-3] An INFO Message
2019-05-25 12:32:29,073 WARN com.logger.controller.LoggingController [http-nio-8080-exec-3] A WARN Message
2019-05-25 12:32:29,074 ERROR com.logger.controller.LoggingController [http-nio-8080-exec-3] An ERROR Message
2019-05-25 12:32:30,526 TRACE com.logger.controller.LoggingController [http-nio-8080-exec-8] A TRACE Message
2019-05-25 12:32:30,528 DEBUG com.logger.controller.LoggingController [http-nio-8080-exec-8] A DEBUG Message
2019-05-25 12:32:30,529 INFO com.logger.controller.LoggingController [http-nio-8080-exec-8] An INFO Message
2019-05-25 12:32:30,530 WARN com.logger.controller.LoggingController [http-nio-8080-exec-8] A WARN Message
2019-05-25 12:32:30,531 ERROR com.logger.controller.LoggingController [http-nio-8080-exec-8] An ERROR Message
2019-05-25 12:32:33,769 TRACE com.logger.controller.LoggingController [http-nio-8080-exec-4] A TRACE Message
2019-05-25 12:32:33,770 DEBUG com.logger.controller.LoggingController [http-nio-8080-exec-4] A DEBUG Message
2019-05-25 12:32:33,771 INFO com.logger.controller.LoggingController [http-nio-8080-exec-4] An INFO Message
2019-05-25 12:32:33,772 WARN com.logger.controller.LoggingController [http-nio-8080-exec-4] A WARN Message
2019-05-25 12:32:33,772 ERROR com.logger.controller.LoggingController [http-nio-8080-exec-4] An ERROR Message
2019-05-25 12:32:36,083 TRACE com.logger.controller.LoggingController [http-nio-8080-exec-10] A TRACE Message
2019-05-25 12:32:36,085 DEBUG com.logger.controller.LoggingController [http-nio-8080-exec-10] A DEBUG Message
2019-05-25 12:32:36,087 INFO com.logger.controller.LoggingController [http-nio-8080-exec-10] An INFO Message
2019-05-25 12:32:36,088 WARN com.logger.controller.LoggingController [http-nio-8080-exec-10] A WARN Message
2019-05-25 12:32:36,089 ERROR com.logger.controller.LoggingController [http-nio-8080-exec-10] An ERROR Message
2019-05-25 12:32:37,946 TRACE com.logger.controller.LoggingController [http-nio-8080-exec-5] A TRACE Message
2019-05-25 12:32:37,948 DEBUG com.logger.controller.LoggingController [http-nio-8080-exec-5] A DEBUG Message
2019-05-25 12:32:37,949 INFO com.logger.controller.LoggingController [http-nio-8080-exec-5] An INFO Message
2019-05-25 12:32:37,950 WARN com.logger.controller.LoggingController [http-nio-8080-exec-5] A WARN Message
2019-05-25 12:32:37,950 ERROR com.logger.controller.LoggingController [http-nio-8080-exec-5] An ERROR Message
2019-05-25 12:32:39,905 TRACE com.logger.controller.LoggingController [http-nio-8080-exec-7] A TRACE Message
2019-05-25 12:32:39,906 DEBUG com.logger.controller.LoggingController [http-nio-8080-exec-7] A DEBUG Message
2019-05-25 12:32:39,912 INFO com.logger.controller.LoggingController [http-nio-8080-exec-7] An INFO Message
2019-05-25 12:32:39,913 WARN com.logger.controller.LoggingController [http-nio-8080-exec-7] A WARN Message
2019-05-25 12:32:39,914 ERROR com.logger.controller.LoggingController [http-nio-8080-exec-7] An ERROR Message
2019-05-25 12:32:40,304 TRACE com.logger.controller.LoggingController [http-nio-8080-exec-3] A TRACE Message
2019-05-25 12:32:40,307 DEBUG com.logger.controller.LoggingController [http-nio-8080-exec-3] A DEBUG Message
2019-05-25 12:32:40,308 INFO com.logger.controller.LoggingController [http-nio-8080-exec-3] An INFO Message
2019-05-25 12:32:40,309 WARN com.logger.controller.LoggingController [http-nio-8080-exec-3] A WARN Message
2019-05-25 12:32:40,310 ERROR com.logger.controller.LoggingController [http-nio-8080-exec-3] An ERROR Message
2019-05-25 12:32:40,711 TRACE com.logger.controller.LoggingController [http-nio-8080-exec-8] A TRACE Message
2019-05-25 12:32:40,712 DEBUG com.logger.controller.LoggingController [http-nio-8080-exec-8] A DEBUG Message
2019-05-25 12:32:40,713 INFO com.logger.controller.LoggingController [http-nio-8080-exec-8] An INFO Message
2019-05-25 12:32:40,714 WARN com.logger.controller.LoggingController [http-nio-8080-exec-8] A WARN Message
2019-05-25 12:32:40,715 ERROR com.logger.controller.LoggingController [http-nio-8080-exec-8] An ERROR Message
2019-05-25 12:32:41,118 TRACE com.logger.controller.LoggingController [http-nio-8080-exec-4] A TRACE Message
2019-05-25 12:32:41,119 DEBUG com.logger.controller.LoggingController [http-nio-8080-exec-4] A DEBUG Message
2019-05-25 12:32:41,120 INFO com.logger.controller.LoggingController [http-nio-8080-exec-4] An INFO Message
2019-05-25 12:32:41,122 WARN com.logger.controller.LoggingController [http-nio-8080-exec-4] A WARN Message
2019-05-25 12:32:41,123 ERROR com.logger.controller.LoggingController [http-nio-8080-exec-4] An ERROR Message
2019-05-25 12:32:41,535 TRACE com.logger.controller.LoggingController [http-nio-8080-exec-2] A TRACE Message
2019-05-25 12:32:41,536 DEBUG com.logger.controller.LoggingController [http-nio-8080-exec-2] A DEBUG Message
2019-05-25 12:32:41,538 INFO com.logger.controller.LoggingController [http-nio-8080-exec-2] An INFO Message
2019-05-25 12:32:41,538 WARN com.logger.controller.LoggingController [http-nio-8080-exec-2] A WARN Message
2019-05-25 12:32:41,539 ERROR com.logger.controller.LoggingController [http-nio-8080-exec-2] An ERROR Message
2019-05-25 12:33:16,409 TRACE com.logger.controller.LoggingController [http-nio-8080-exec-9] A TRACE Message
2019-05-25 12:33:16,410 DEBUG com.logger.controller.LoggingController [http-nio-8080-exec-9] A DEBUG Message
2019-05-25 12:33:16,410 INFO com.logger.controller.LoggingController [http-nio-8080-exec-9] An INFO Message
2019-05-25 12:33:16,411 WARN com.logger.controller.LoggingController [http-nio-8080-exec-9] A WARN Message
2019-05-25 12:33:16,412 ERROR com.logger.controller.LoggingController [http-nio-8080-exec-9] An ERROR Message
2019-05-25 12:33:32,659 TRACE com.logger.controller.LoggingController [http-nio-8080-exec-1] A TRACE Message
2019-05-25 12:33:32,668 DEBUG com.logger.controller.LoggingController [http-nio-8080-exec-1] A DEBUG Message
2019-05-25 12:33:32,674 INFO com.logger.controller.LoggingController [http-nio-8080-exec-1] An INFO Message
2019-05-25 12:33:32,674 WARN com.logger.controller.LoggingController [http-nio-8080-exec-1] A WARN Message
2019-05-25 12:33:32,675 ERROR com.logger.controller.LoggingController [http-nio-8080-exec-1] An ERROR Message
2019-05-25 12:34:24,408 INFO org.springframework.scheduling.concurrent.ExecutorConfigurationSupport [Thread-16] Shutting down ExecutorService 'applicationTaskExecutor'
2019-05-25 12:34:45,319 INFO org.springframework.boot.StartupInfoLogger [restartedMain] Starting BestUsedForLoggingApplication on Pranav-PC with PID 4456 (C:\Users\Pranav\Downloads\BestUsedForLogging\BestUsedForLogging\target\classes started by Pranav in C:\Users\Pranav\Downloads\BestUsedForLogging\BestUsedForLogging)
2019-05-25 12:34:45,328 DEBUG org.springframework.boot.StartupInfoLogger [restartedMain] Running with Spring Boot v2.1.5.RELEASE, Spring v5.1.7.RELEASE
2019-05-25 12:34:45,330 INFO org.springframework.boot.SpringApplication [restartedMain] No active profile set, falling back to default profiles: default
2019-05-25 12:34:45,529 INFO org.springframework.boot.logging.DeferredLog [restartedMain] Devtools property defaults active! Set 'spring.devtools.add-properties' to 'false' to disable
2019-05-25 12:34:45,530 INFO org.springframework.boot.logging.DeferredLog [restartedMain] For additional web related logging consider setting the 'logging.level.web' property to 'DEBUG'
